<?xml version="1.0" encoding="UTF-8"?>
<testsuite name="hello.servlet.domain.member.MemberRepositoryTest" tests="2" skipped="0" failures="0" errors="0" timestamp="2023-11-26T12:57:09" hostname="MinseokGo-MacBook-Pro.local" time="0.033">
  <properties/>
  <testcase name="findAll()" classname="hello.servlet.domain.member.MemberRepositoryTest" time="0.031"/>
  <testcase name="save()" classname="hello.servlet.domain.member.MemberRepositoryTest" time="0.001"/>
  <system-out><![CDATA[]]></system-out>
  <system-err><![CDATA[]]></system-err>
</testsuite>
